-- Selecting Windows SDK version 10.0.18362.0 to target Windows 10.0.19042.
-- Found ament_cmake_ros: 0.9.0 (C:/ros2/share/ament_cmake_ros/cmake)
-- Using PYTHON_EXECUTABLE: C:/Python38/python.exe
-- Found rcl: 1.1.8 (C:/ros2/share/rcl/cmake)
-- Using all available rosidl_typesupport_c: rosidl_typesupport_connext_c;rosidl_typesupport_fastrtps_c;rosidl_typesupport_introspection_c
-- Found rosidl_adapter: 1.1.0 (C:/ros2/share/rosidl_adapter/cmake)
-- Could not find RTI Connext - skipping rosidl_typesupport_connext_c
-- Could not find RTI Connext - skipping rosidl_typesupport_connext_cpp
-- Using all available rosidl_typesupport_cpp: rosidl_typesupport_connext_cpp;rosidl_typesupport_fastrtps_cpp;rosidl_typesupport_introspection_cpp
-- Found rmw_implementation_cmake: 1.0.1 (C:/ros2/share/rmw_implementation_cmake/cmake)
-- Using RMW implementation 'rmw_fastrtps_cpp' as default
-- Found std_msgs: 2.0.3 (C:/ros2/share/std_msgs/cmake)
-- Found rcl version 1.1.8, which belongs to Foxy or later
-- Found ament_lint_auto: 0.9.5 (C:/ros2/share/ament_lint_auto/cmake)
-- Found example_interfaces: 0.9.0 (C:/ros2/share/example_interfaces/cmake)
-- Found gtest sources under 'C:/ros2/src/gtest_vendor': C++ tests using 'Google Test' will be built
-- Added test 'cppcheck' to perform static code analysis on C / C++ code
-- Configured cppcheck include dirs: $<BUILD_INTERFACE:C:/Users/JST3SI/Documents/ros2_ws/src/rclc/rclc/include>;$<BUILD_INTERFACE:C:/Users/JST3SI/Documents/ros2_ws/src/rclc/rclc/src>;C:/Users/JST3SI/Documents/ros2_ws/src/rclc/rclc/include;C:/Users/JST3SI/Documents/ros2_ws/src/rclc/rclc/src
-- Configured cppcheck exclude dirs and/or files: 
-- Added test 'cpplint' to check C / C++ code against the Google style
-- Configured cpplint exclude dirs and/or files: 
-- Added test 'lint_cmake' to check CMake code style
-- Added test 'uncrustify' to check C / C++ code style
-- Configured uncrustify additional arguments: 
-- Added test 'xmllint' to check XML markup files
-- Configuring done
-- Generating done
-- Build files have been written to: C:/Users/JST3SI/Documents/ros2_ws/build/rclc
Microsoft (R) Build Engine version 16.7.0+b89cb5fde for .NET Framework
Copyright (C) Microsoft Corporation. All rights reserved.

  Checking Build System
  Building Custom Rule C:/Users/JST3SI/Documents/ros2_ws/src/rclc/rclc/CMakeLists.txt
  rclc.vcxproj -> C:\Users\JST3SI\Documents\ros2_ws\build\rclc\Release\rclc.dll
  gtest.vcxproj -> C:\Users\JST3SI\Documents\ros2_ws\build\rclc\gtest\Release\gtest.lib
  gtest_main.vcxproj -> C:\Users\JST3SI\Documents\ros2_ws\build\rclc\gtest\Release\gtest_main.lib
  Building Custom Rule C:/Users/JST3SI/Documents/ros2_ws/src/rclc/rclc/CMakeLists.txt
LINK : fatal error LNK1181: cannot open input file 'Release\rclc.lib' [C:\Users\JST3SI\Documents\ros2_ws\build\rclc\rclc_test.vcxproj]
